[INFO  - 2019-02-20T13:51:30.611Z] GhostDriver - Main - running on port 25047
[INFO  - 2019-02-20T13:51:30.790Z] Session [a0627330-3516-11e9-a427-21677a8c77d4] - page.settings - {"XSSAuditingEnabled":false,"javascriptCanCloseWindows":true,"javascriptCanOpenWindows":true,"javascriptEnabled":true,"loadImages":true,"localToRemoteUrlAccessEnabled":false,"userAgent":"Mozilla/5.0 (Unknown; Linux x86_64) AppleWebKit/538.1 (KHTML, like Gecko) PhantomJS/2.1.1 Safari/538.1","webSecurityEnabled":true}
[INFO  - 2019-02-20T13:51:30.790Z] Session [a0627330-3516-11e9-a427-21677a8c77d4] - page.customHeaders:  - {}
[INFO  - 2019-02-20T13:51:30.791Z] Session [a0627330-3516-11e9-a427-21677a8c77d4] - Session.negotiatedCapabilities - {"browserName":"phantomjs","version":"2.1.1","driverName":"ghostdriver","driverVersion":"1.2.0","platform":"linux-unknown-64bit","javascriptEnabled":true,"takesScreenshot":true,"handlesAlerts":false,"databaseEnabled":false,"locationContextEnabled":false,"applicationCacheEnabled":false,"browserConnectionEnabled":false,"cssSelectorsEnabled":true,"webStorageEnabled":false,"rotatable":false,"acceptSslCerts":false,"nativeEvents":true,"proxy":{"proxyType":"direct"}}
[INFO  - 2019-02-20T13:51:30.791Z] SessionManagerReqHand - _postNewSessionCommand - New Session Created: a0627330-3516-11e9-a427-21677a8c77d4
[ERROR - 2019-02-20T13:51:32.417Z] Session [a0627330-3516-11e9-a427-21677a8c77d4] - page.onError - msg: TypeError: null is not an object (evaluating 'data.data[0]')
[ERROR - 2019-02-20T13:51:32.417Z] Session [a0627330-3516-11e9-a427-21677a8c77d4] - page.onError - stack:
  renderOrigins (https://sales.flysas.com/facelift/js/dynamicpricebanners.js:147)
  j (https://code.jquery.com/jquery-1.11.0.min.js:2)
  fireWith (https://code.jquery.com/jquery-1.11.0.min.js:2)
  x (https://code.jquery.com/jquery-1.11.0.min.js:4)
  b (https://code.jquery.com/jquery-1.11.0.min.js:4)
[ERROR - 2019-02-20T13:51:41.949Z] Session [a0627330-3516-11e9-a427-21677a8c77d4] - page.onError - msg: ReferenceError: Can't find variable: $
[ERROR - 2019-02-20T13:51:41.949Z] Session [a0627330-3516-11e9-a427-21677a8c77d4] - page.onError - stack:
  global code (https://classic.flysas.com/en/de/:3)
[ERROR - 2019-02-20T13:51:42.049Z] Session [a0627330-3516-11e9-a427-21677a8c77d4] - page.onError - msg: ReferenceError: Can't find variable: jQuery
[ERROR - 2019-02-20T13:51:42.049Z] Session [a0627330-3516-11e9-a427-21677a8c77d4] - page.onError - stack:
  global code (https://sales.flysas.com/facelift/content-js.php:5)
[INFO  - 2019-02-20T13:52:26.049Z] GhostDriver - Main - running on port 15636
[INFO  - 2019-02-20T13:52:26.202Z] Session [c169cd80-3516-11e9-ab0d-b73e7a6eb24e] - page.settings - {"XSSAuditingEnabled":false,"javascriptCanCloseWindows":true,"javascriptCanOpenWindows":true,"javascriptEnabled":true,"loadImages":true,"localToRemoteUrlAccessEnabled":false,"userAgent":"Mozilla/5.0 (Unknown; Linux x86_64) AppleWebKit/538.1 (KHTML, like Gecko) PhantomJS/2.1.1 Safari/538.1","webSecurityEnabled":true}
[INFO  - 2019-02-20T13:52:26.202Z] Session [c169cd80-3516-11e9-ab0d-b73e7a6eb24e] - page.customHeaders:  - {}
[INFO  - 2019-02-20T13:52:26.202Z] Session [c169cd80-3516-11e9-ab0d-b73e7a6eb24e] - Session.negotiatedCapabilities - {"browserName":"phantomjs","version":"2.1.1","driverName":"ghostdriver","driverVersion":"1.2.0","platform":"linux-unknown-64bit","javascriptEnabled":true,"takesScreenshot":true,"handlesAlerts":false,"databaseEnabled":false,"locationContextEnabled":false,"applicationCacheEnabled":false,"browserConnectionEnabled":false,"cssSelectorsEnabled":true,"webStorageEnabled":false,"rotatable":false,"acceptSslCerts":false,"nativeEvents":true,"proxy":{"proxyType":"direct"}}
[INFO  - 2019-02-20T13:52:26.202Z] SessionManagerReqHand - _postNewSessionCommand - New Session Created: c169cd80-3516-11e9-ab0d-b73e7a6eb24e
[ERROR - 2019-02-20T13:52:27.696Z] Session [c169cd80-3516-11e9-ab0d-b73e7a6eb24e] - page.onError - msg: TypeError: null is not an object (evaluating 'data.data[0]')
[ERROR - 2019-02-20T13:52:27.696Z] Session [c169cd80-3516-11e9-ab0d-b73e7a6eb24e] - page.onError - stack:
  renderOrigins (https://sales.flysas.com/facelift/js/dynamicpricebanners.js:147)
  j (https://code.jquery.com/jquery-1.11.0.min.js:2)
  fireWith (https://code.jquery.com/jquery-1.11.0.min.js:2)
  x (https://code.jquery.com/jquery-1.11.0.min.js:4)
  b (https://code.jquery.com/jquery-1.11.0.min.js:4)
[ERROR - 2019-02-20T13:52:37.265Z] Session [c169cd80-3516-11e9-ab0d-b73e7a6eb24e] - page.onError - msg: ReferenceError: Can't find variable: $
[ERROR - 2019-02-20T13:52:37.265Z] Session [c169cd80-3516-11e9-ab0d-b73e7a6eb24e] - page.onError - stack:
  global code (https://classic.flysas.com/en/de/:3)
[ERROR - 2019-02-20T13:52:37.383Z] Session [c169cd80-3516-11e9-ab0d-b73e7a6eb24e] - page.onError - msg: ReferenceError: Can't find variable: jQuery
[ERROR - 2019-02-20T13:52:37.383Z] Session [c169cd80-3516-11e9-ab0d-b73e7a6eb24e] - page.onError - stack:
  global code (https://sales.flysas.com/facelift/content-js.php:5)
[INFO  - 2019-02-20T13:56:30.622Z] SessionManagerReqHand - _cleanupWindowlessSessions - Asynchronous Sessions clean-up phase starting NOW
[INFO  - 2019-02-20T13:57:16.329Z] GhostDriver - Main - running on port 23237
[INFO  - 2019-02-20T13:57:16.490Z] Session [6e703c80-3517-11e9-8b09-d19871534f11] - page.settings - {"XSSAuditingEnabled":false,"javascriptCanCloseWindows":true,"javascriptCanOpenWindows":true,"javascriptEnabled":true,"loadImages":true,"localToRemoteUrlAccessEnabled":false,"userAgent":"Mozilla/5.0 (Unknown; Linux x86_64) AppleWebKit/538.1 (KHTML, like Gecko) PhantomJS/2.1.1 Safari/538.1","webSecurityEnabled":true}
[INFO  - 2019-02-20T13:57:16.490Z] Session [6e703c80-3517-11e9-8b09-d19871534f11] - page.customHeaders:  - {}
[INFO  - 2019-02-20T13:57:16.490Z] Session [6e703c80-3517-11e9-8b09-d19871534f11] - Session.negotiatedCapabilities - {"browserName":"phantomjs","version":"2.1.1","driverName":"ghostdriver","driverVersion":"1.2.0","platform":"linux-unknown-64bit","javascriptEnabled":true,"takesScreenshot":true,"handlesAlerts":false,"databaseEnabled":false,"locationContextEnabled":false,"applicationCacheEnabled":false,"browserConnectionEnabled":false,"cssSelectorsEnabled":true,"webStorageEnabled":false,"rotatable":false,"acceptSslCerts":false,"nativeEvents":true,"proxy":{"proxyType":"direct"}}
[INFO  - 2019-02-20T13:57:16.490Z] SessionManagerReqHand - _postNewSessionCommand - New Session Created: 6e703c80-3517-11e9-8b09-d19871534f11
[ERROR - 2019-02-20T13:57:18.127Z] Session [6e703c80-3517-11e9-8b09-d19871534f11] - page.onError - msg: TypeError: null is not an object (evaluating 'data.data[0]')
[ERROR - 2019-02-20T13:57:18.127Z] Session [6e703c80-3517-11e9-8b09-d19871534f11] - page.onError - stack:
  renderOrigins (https://sales.flysas.com/facelift/js/dynamicpricebanners.js:147)
  j (https://code.jquery.com/jquery-1.11.0.min.js:2)
  fireWith (https://code.jquery.com/jquery-1.11.0.min.js:2)
  x (https://code.jquery.com/jquery-1.11.0.min.js:4)
  b (https://code.jquery.com/jquery-1.11.0.min.js:4)
[INFO  - 2019-02-20T13:57:26.049Z] SessionManagerReqHand - _cleanupWindowlessSessions - Asynchronous Sessions clean-up phase starting NOW
[ERROR - 2019-02-20T13:57:28.670Z] Session [6e703c80-3517-11e9-8b09-d19871534f11] - page.onError - msg: ReferenceError: Can't find variable: $
[ERROR - 2019-02-20T13:57:28.671Z] Session [6e703c80-3517-11e9-8b09-d19871534f11] - page.onError - stack:
  global code (https://classic.flysas.com/en/de/:3)
[ERROR - 2019-02-20T13:57:28.790Z] Session [6e703c80-3517-11e9-8b09-d19871534f11] - page.onError - msg: ReferenceError: Can't find variable: jQuery
[ERROR - 2019-02-20T13:57:28.791Z] Session [6e703c80-3517-11e9-8b09-d19871534f11] - page.onError - stack:
  global code (https://sales.flysas.com/facelift/content-js.php:5)
[INFO  - 2019-02-20T13:58:16.784Z] GhostDriver - Main - running on port 1495
[INFO  - 2019-02-20T13:58:16.951Z] Session [9279da50-3517-11e9-815b-0fca6c7611d9] - page.settings - {"XSSAuditingEnabled":false,"javascriptCanCloseWindows":true,"javascriptCanOpenWindows":true,"javascriptEnabled":true,"loadImages":true,"localToRemoteUrlAccessEnabled":false,"userAgent":"Mozilla/5.0 (Unknown; Linux x86_64) AppleWebKit/538.1 (KHTML, like Gecko) PhantomJS/2.1.1 Safari/538.1","webSecurityEnabled":true}
[INFO  - 2019-02-20T13:58:16.951Z] Session [9279da50-3517-11e9-815b-0fca6c7611d9] - page.customHeaders:  - {}
[INFO  - 2019-02-20T13:58:16.952Z] Session [9279da50-3517-11e9-815b-0fca6c7611d9] - Session.negotiatedCapabilities - {"browserName":"phantomjs","version":"2.1.1","driverName":"ghostdriver","driverVersion":"1.2.0","platform":"linux-unknown-64bit","javascriptEnabled":true,"takesScreenshot":true,"handlesAlerts":false,"databaseEnabled":false,"locationContextEnabled":false,"applicationCacheEnabled":false,"browserConnectionEnabled":false,"cssSelectorsEnabled":true,"webStorageEnabled":false,"rotatable":false,"acceptSslCerts":false,"nativeEvents":true,"proxy":{"proxyType":"direct"}}
[INFO  - 2019-02-20T13:58:16.952Z] SessionManagerReqHand - _postNewSessionCommand - New Session Created: 9279da50-3517-11e9-815b-0fca6c7611d9
[ERROR - 2019-02-20T13:58:18.559Z] Session [9279da50-3517-11e9-815b-0fca6c7611d9] - page.onError - msg: TypeError: null is not an object (evaluating 'data.data[0]')
[ERROR - 2019-02-20T13:58:18.560Z] Session [9279da50-3517-11e9-815b-0fca6c7611d9] - page.onError - stack:
  renderOrigins (https://sales.flysas.com/facelift/js/dynamicpricebanners.js:147)
  j (https://code.jquery.com/jquery-1.11.0.min.js:2)
  fireWith (https://code.jquery.com/jquery-1.11.0.min.js:2)
  x (https://code.jquery.com/jquery-1.11.0.min.js:4)
  b (https://code.jquery.com/jquery-1.11.0.min.js:4)
[ERROR - 2019-02-20T13:58:29.080Z] Session [9279da50-3517-11e9-815b-0fca6c7611d9] - page.onError - msg: ReferenceError: Can't find variable: $
[ERROR - 2019-02-20T13:58:29.080Z] Session [9279da50-3517-11e9-815b-0fca6c7611d9] - page.onError - stack:
  global code (https://classic.flysas.com/en/de/:3)
[ERROR - 2019-02-20T13:58:29.178Z] Session [9279da50-3517-11e9-815b-0fca6c7611d9] - page.onError - msg: ReferenceError: Can't find variable: jQuery
[ERROR - 2019-02-20T13:58:29.178Z] Session [9279da50-3517-11e9-815b-0fca6c7611d9] - page.onError - stack:
  global code (https://sales.flysas.com/facelift/content-js.php:5)
[INFO  - 2019-02-20T14:01:30.875Z] SessionManagerReqHand - _cleanupWindowlessSessions - Asynchronous Sessions clean-up phase starting NOW
[INFO  - 2019-02-20T14:02:16.329Z] SessionManagerReqHand - _cleanupWindowlessSessions - Asynchronous Sessions clean-up phase starting NOW
[INFO  - 2019-02-20T14:02:26.048Z] SessionManagerReqHand - _cleanupWindowlessSessions - Asynchronous Sessions clean-up phase starting NOW
[INFO  - 2019-02-20T14:03:16.880Z] SessionManagerReqHand - _cleanupWindowlessSessions - Asynchronous Sessions clean-up phase starting NOW
[INFO  - 2019-02-20T14:06:30.879Z] SessionManagerReqHand - _cleanupWindowlessSessions - Asynchronous Sessions clean-up phase starting NOW
[INFO  - 2019-02-20T14:07:16.329Z] SessionManagerReqHand - _cleanupWindowlessSessions - Asynchronous Sessions clean-up phase starting NOW
[INFO  - 2019-02-20T14:07:26.049Z] SessionManagerReqHand - _cleanupWindowlessSessions - Asynchronous Sessions clean-up phase starting NOW
[INFO  - 2019-02-20T14:08:16.881Z] SessionManagerReqHand - _cleanupWindowlessSessions - Asynchronous Sessions clean-up phase starting NOW
[INFO  - 2019-02-20T14:11:30.879Z] SessionManagerReqHand - _cleanupWindowlessSessions - Asynchronous Sessions clean-up phase starting NOW
[INFO  - 2019-02-20T14:12:16.329Z] SessionManagerReqHand - _cleanupWindowlessSessions - Asynchronous Sessions clean-up phase starting NOW
[INFO  - 2019-02-20T14:12:26.049Z] SessionManagerReqHand - _cleanupWindowlessSessions - Asynchronous Sessions clean-up phase starting NOW
[INFO  - 2019-02-20T14:13:16.881Z] SessionManagerReqHand - _cleanupWindowlessSessions - Asynchronous Sessions clean-up phase starting NOW
[INFO  - 2019-02-20T14:16:30.879Z] SessionManagerReqHand - _cleanupWindowlessSessions - Asynchronous Sessions clean-up phase starting NOW
[INFO  - 2019-02-20T14:17:16.872Z] SessionManagerReqHand - _cleanupWindowlessSessions - Asynchronous Sessions clean-up phase starting NOW
[INFO  - 2019-02-20T14:17:26.049Z] SessionManagerReqHand - _cleanupWindowlessSessions - Asynchronous Sessions clean-up phase starting NOW
[INFO  - 2019-02-20T14:18:16.880Z] SessionManagerReqHand - _cleanupWindowlessSessions - Asynchronous Sessions clean-up phase starting NOW
[INFO  - 2019-02-20T14:21:30.879Z] SessionManagerReqHand - _cleanupWindowlessSessions - Asynchronous Sessions clean-up phase starting NOW
[INFO  - 2019-02-20T14:22:16.872Z] SessionManagerReqHand - _cleanupWindowlessSessions - Asynchronous Sessions clean-up phase starting NOW
[INFO  - 2019-02-20T14:22:26.049Z] SessionManagerReqHand - _cleanupWindowlessSessions - Asynchronous Sessions clean-up phase starting NOW
[INFO  - 2019-02-20T14:23:16.881Z] SessionManagerReqHand - _cleanupWindowlessSessions - Asynchronous Sessions clean-up phase starting NOW
[INFO  - 2019-02-20T14:26:30.880Z] SessionManagerReqHand - _cleanupWindowlessSessions - Asynchronous Sessions clean-up phase starting NOW
[INFO  - 2019-02-20T14:27:16.872Z] SessionManagerReqHand - _cleanupWindowlessSessions - Asynchronous Sessions clean-up phase starting NOW
[INFO  - 2019-02-20T14:27:26.048Z] SessionManagerReqHand - _cleanupWindowlessSessions - Asynchronous Sessions clean-up phase starting NOW
[INFO  - 2019-02-20T14:28:16.881Z] SessionManagerReqHand - _cleanupWindowlessSessions - Asynchronous Sessions clean-up phase starting NOW
[INFO  - 2019-02-20T14:31:30.880Z] SessionManagerReqHand - _cleanupWindowlessSessions - Asynchronous Sessions clean-up phase starting NOW
[INFO  - 2019-02-20T14:32:16.872Z] SessionManagerReqHand - _cleanupWindowlessSessions - Asynchronous Sessions clean-up phase starting NOW
[INFO  - 2019-02-20T14:32:26.049Z] SessionManagerReqHand - _cleanupWindowlessSessions - Asynchronous Sessions clean-up phase starting NOW
[INFO  - 2019-02-20T14:33:16.881Z] SessionManagerReqHand - _cleanupWindowlessSessions - Asynchronous Sessions clean-up phase starting NOW
[INFO  - 2019-02-20T14:36:30.880Z] SessionManagerReqHand - _cleanupWindowlessSessions - Asynchronous Sessions clean-up phase starting NOW
[INFO  - 2019-02-20T14:37:16.872Z] SessionManagerReqHand - _cleanupWindowlessSessions - Asynchronous Sessions clean-up phase starting NOW
[INFO  - 2019-02-20T14:37:26.048Z] SessionManagerReqHand - _cleanupWindowlessSessions - Asynchronous Sessions clean-up phase starting NOW
[INFO  - 2019-02-20T14:38:16.881Z] SessionManagerReqHand - _cleanupWindowlessSessions - Asynchronous Sessions clean-up phase starting NOW
[INFO  - 2019-02-20T14:41:30.881Z] SessionManagerReqHand - _cleanupWindowlessSessions - Asynchronous Sessions clean-up phase starting NOW
[INFO  - 2019-02-20T14:42:16.872Z] SessionManagerReqHand - _cleanupWindowlessSessions - Asynchronous Sessions clean-up phase starting NOW
[INFO  - 2019-02-20T14:42:26.048Z] SessionManagerReqHand - _cleanupWindowlessSessions - Asynchronous Sessions clean-up phase starting NOW
[INFO  - 2019-02-20T14:43:16.881Z] SessionManagerReqHand - _cleanupWindowlessSessions - Asynchronous Sessions clean-up phase starting NOW
[INFO  - 2019-02-20T14:46:30.881Z] SessionManagerReqHand - _cleanupWindowlessSessions - Asynchronous Sessions clean-up phase starting NOW
[INFO  - 2019-02-20T14:47:16.872Z] SessionManagerReqHand - _cleanupWindowlessSessions - Asynchronous Sessions clean-up phase starting NOW
[INFO  - 2019-02-20T14:47:26.049Z] SessionManagerReqHand - _cleanupWindowlessSessions - Asynchronous Sessions clean-up phase starting NOW
[INFO  - 2019-02-20T14:48:16.881Z] SessionManagerReqHand - _cleanupWindowlessSessions - Asynchronous Sessions clean-up phase starting NOW
[INFO  - 2019-02-20T14:51:30.881Z] SessionManagerReqHand - _cleanupWindowlessSessions - Asynchronous Sessions clean-up phase starting NOW
[INFO  - 2019-02-20T14:52:16.872Z] SessionManagerReqHand - _cleanupWindowlessSessions - Asynchronous Sessions clean-up phase starting NOW
[INFO  - 2019-02-20T14:52:26.049Z] SessionManagerReqHand - _cleanupWindowlessSessions - Asynchronous Sessions clean-up phase starting NOW
[INFO  - 2019-02-20T14:53:16.882Z] SessionManagerReqHand - _cleanupWindowlessSessions - Asynchronous Sessions clean-up phase starting NOW
[INFO  - 2019-02-20T14:56:31.872Z] SessionManagerReqHand - _cleanupWindowlessSessions - Asynchronous Sessions clean-up phase starting NOW
[INFO  - 2019-02-20T14:57:16.872Z] SessionManagerReqHand - _cleanupWindowlessSessions - Asynchronous Sessions clean-up phase starting NOW
[INFO  - 2019-02-20T14:57:26.049Z] SessionManagerReqHand - _cleanupWindowlessSessions - Asynchronous Sessions clean-up phase starting NOW
[INFO  - 2019-02-20T14:58:16.882Z] SessionManagerReqHand - _cleanupWindowlessSessions - Asynchronous Sessions clean-up phase starting NOW
[INFO  - 2019-02-20T15:01:31.872Z] SessionManagerReqHand - _cleanupWindowlessSessions - Asynchronous Sessions clean-up phase starting NOW
[INFO  - 2019-02-20T15:02:16.872Z] SessionManagerReqHand - _cleanupWindowlessSessions - Asynchronous Sessions clean-up phase starting NOW
[INFO  - 2019-02-20T15:02:26.049Z] SessionManagerReqHand - _cleanupWindowlessSessions - Asynchronous Sessions clean-up phase starting NOW
[INFO  - 2019-02-20T15:03:16.882Z] SessionManagerReqHand - _cleanupWindowlessSessions - Asynchronous Sessions clean-up phase starting NOW
[INFO  - 2019-02-20T15:06:31.872Z] SessionManagerReqHand - _cleanupWindowlessSessions - Asynchronous Sessions clean-up phase starting NOW
[INFO  - 2019-02-20T15:07:16.872Z] SessionManagerReqHand - _cleanupWindowlessSessions - Asynchronous Sessions clean-up phase starting NOW
[INFO  - 2019-02-20T15:07:26.049Z] SessionManagerReqHand - _cleanupWindowlessSessions - Asynchronous Sessions clean-up phase starting NOW
[INFO  - 2019-02-20T15:08:16.882Z] SessionManagerReqHand - _cleanupWindowlessSessions - Asynchronous Sessions clean-up phase starting NOW
[INFO  - 2019-02-20T15:11:31.872Z] SessionManagerReqHand - _cleanupWindowlessSessions - Asynchronous Sessions clean-up phase starting NOW
[INFO  - 2019-02-20T15:12:16.872Z] SessionManagerReqHand - _cleanupWindowlessSessions - Asynchronous Sessions clean-up phase starting NOW
[INFO  - 2019-02-20T15:12:26.048Z] SessionManagerReqHand - _cleanupWindowlessSessions - Asynchronous Sessions clean-up phase starting NOW
[INFO  - 2019-02-20T15:13:16.882Z] SessionManagerReqHand - _cleanupWindowlessSessions - Asynchronous Sessions clean-up phase starting NOW
[INFO  - 2019-02-20T15:16:31.872Z] SessionManagerReqHand - _cleanupWindowlessSessions - Asynchronous Sessions clean-up phase starting NOW
[INFO  - 2019-02-20T15:17:16.872Z] SessionManagerReqHand - _cleanupWindowlessSessions - Asynchronous Sessions clean-up phase starting NOW
[INFO  - 2019-02-20T15:17:26.049Z] SessionManagerReqHand - _cleanupWindowlessSessions - Asynchronous Sessions clean-up phase starting NOW
[INFO  - 2019-02-20T15:18:16.883Z] SessionManagerReqHand - _cleanupWindowlessSessions - Asynchronous Sessions clean-up phase starting NOW
[INFO  - 2019-02-20T15:21:31.872Z] SessionManagerReqHand - _cleanupWindowlessSessions - Asynchronous Sessions clean-up phase starting NOW
[INFO  - 2019-02-20T15:22:16.872Z] SessionManagerReqHand - _cleanupWindowlessSessions - Asynchronous Sessions clean-up phase starting NOW
[INFO  - 2019-02-20T15:22:26.048Z] SessionManagerReqHand - _cleanupWindowlessSessions - Asynchronous Sessions clean-up phase starting NOW
[INFO  - 2019-02-20T15:23:16.882Z] SessionManagerReqHand - _cleanupWindowlessSessions - Asynchronous Sessions clean-up phase starting NOW
[INFO  - 2019-02-20T15:26:31.872Z] SessionManagerReqHand - _cleanupWindowlessSessions - Asynchronous Sessions clean-up phase starting NOW
[INFO  - 2019-02-20T15:27:16.872Z] SessionManagerReqHand - _cleanupWindowlessSessions - Asynchronous Sessions clean-up phase starting NOW
[INFO  - 2019-02-20T15:27:26.049Z] SessionManagerReqHand - _cleanupWindowlessSessions - Asynchronous Sessions clean-up phase starting NOW
[INFO  - 2019-02-20T15:28:16.883Z] SessionManagerReqHand - _cleanupWindowlessSessions - Asynchronous Sessions clean-up phase starting NOW
[INFO  - 2019-02-20T15:31:31.872Z] SessionManagerReqHand - _cleanupWindowlessSessions - Asynchronous Sessions clean-up phase starting NOW
[INFO  - 2019-02-20T15:32:16.872Z] SessionManagerReqHand - _cleanupWindowlessSessions - Asynchronous Sessions clean-up phase starting NOW
[INFO  - 2019-02-20T15:32:26.049Z] SessionManagerReqHand - _cleanupWindowlessSessions - Asynchronous Sessions clean-up phase starting NOW
[INFO  - 2019-02-20T15:33:16.883Z] SessionManagerReqHand - _cleanupWindowlessSessions - Asynchronous Sessions clean-up phase starting NOW
